# JRE version: OpenJDK Runtime Environment (21.0.3) (build 21.0.3+-12282718-b509.11)
# Java VM: OpenJDK 64-Bit Server VM (21.0.3+-12282718-b509.11, mixed mode, tiered, compressed oops, compressed class ptrs, g1 gc, windows-amd64)
GC Precious Log:
 CardTable entry size: 512
 Card Set container configuration: InlinePtr #cards 5 size 8 Array Of Cards #cards 12 size 40 Howl #buckets 4 coarsen threshold 1843 Howl Bitmap #cards 512 size 80 coarsen threshold 460 Card regions per heap region 1 cards per card region 2048
 CPUs: 4 total, 4 available
 Memory: 3503M
 Large Page Support: Disabled
 NUMA Support: Disabled
 Compressed Oops: Enabled (32-bit)
 Heap Region Size: 1M
 Heap Min Capacity: 8M
 Heap Initial Capacity: 56M
 Heap Max Capacity: 2G
 Pre-touch: Disabled
 Parallel Workers: 4
 Concurrent Workers: 1
 Concurrent Refinement Workers: 4
 Periodic GC: Disabled
Heap:
 garbage-first heap   total 97280K, used 58244K [0x0000000080000000, 0x0000000100000000)
  region size 1024K, 3 young (3072K), 3 survivors (3072K)
 Metaspace       used 61658K, committed 63104K, reserved 1114112K
  class space    used 8502K, committed 9216K, reserved 1048576K
GC Heap History (20 events):
Event: 11.066 GC heap after
{Heap after GC invocations=15 (full 0):
 garbage-first heap   total 70656K, used 43320K [0x0000000080000000, 0x0000000100000000)
  region size 1024K, 1 young (1024K), 1 survivors (1024K)
 Metaspace       used 37057K, committed 37952K, reserved 1114112K
  class space    used 5075K, committed 5504K, reserved 1048576K
}
Event: 11.699 GC heap before
{Heap before GC invocations=15 (full 0):
 garbage-first heap   total 70656K, used 57656K [0x0000000080000000, 0x0000000100000000)
  region size 1024K, 15 young (15360K), 1 survivors (1024K)
 Metaspace       used 38828K, committed 39808K, reserved 1114112K
  class space    used 5382K, committed 5888K, reserved 1048576K
}
Event: 11.704 GC heap after
{Heap after GC invocations=16 (full 0):
 garbage-first heap   total 84992K, used 44233K [0x0000000080000000, 0x0000000100000000)
  region size 1024K, 2 young (2048K), 2 survivors (2048K)
 Metaspace       used 38828K, committed 39808K, reserved 1114112K
  class space    used 5382K, committed 5888K, reserved 1048576K
}
Event: 12.437 GC heap before
{Heap before GC invocations=17 (full 0):
 garbage-first heap   total 84992K, used 64713K [0x0000000080000000, 0x0000000100000000)
  region size 1024K, 23 young (23552K), 2 survivors (2048K)
 Metaspace       used 41745K, committed 43008K, reserved 1114112K
  class space    used 5857K, committed 6464K, reserved 1048576K
}
Event: 12.442 GC heap after
{Heap after GC invocations=18 (full 0):
 garbage-first heap   total 84992K, used 45188K [0x0000000080000000, 0x0000000100000000)
  region size 1024K, 3 young (3072K), 3 survivors (3072K)
 Metaspace       used 41745K, committed 43008K, reserved 1114112K
  class space    used 5857K, committed 6464K, reserved 1048576K
}
Event: 13.289 GC heap before
{Heap before GC invocations=18 (full 0):
 garbage-first heap   total 84992K, used 68740K [0x0000000080000000, 0x0000000100000000)
  region size 1024K, 26 young (26624K), 3 survivors (3072K)
 Metaspace       used 47102K, committed 48320K, reserved 1114112K
  class space    used 6474K, committed 7040K, reserved 1048576K
}
Event: 13.298 GC heap after
{Heap after GC invocations=19 (full 0):
 garbage-first heap   total 84992K, used 47562K [0x0000000080000000, 0x0000000100000000)
  region size 1024K, 4 young (4096K), 4 survivors (4096K)
 Metaspace       used 47102K, committed 48320K, reserved 1114112K
  class space    used 6474K, committed 7040K, reserved 1048576K
}
Event: 13.865 GC heap before
{Heap before GC invocations=19 (full 0):
 garbage-first heap   total 84992K, used 69066K [0x0000000080000000, 0x0000000100000000)
  region size 1024K, 26 young (26624K), 4 survivors (4096K)
 Metaspace       used 48818K, committed 50112K, reserved 1114112K
  class space    used 6651K, committed 7296K, reserved 1048576K
}
Event: 13.879 GC heap after
{Heap after GC invocations=20 (full 0):
 garbage-first heap   total 84992K, used 50738K [0x0000000080000000, 0x0000000100000000)
  region size 1024K, 3 young (3072K), 3 survivors (3072K)
 Metaspace       used 48818K, committed 50112K, reserved 1114112K
  class space    used 6651K, committed 7296K, reserved 1048576K
}
Event: 14.814 GC heap before
{Heap before GC invocations=21 (full 0):
 garbage-first heap   total 87040K, used 76338K [0x0000000080000000, 0x0000000100000000)
  region size 1024K, 24 young (24576K), 3 survivors (3072K)
 Metaspace       used 51391K, committed 52672K, reserved 1114112K
  class space    used 6913K, committed 7552K, reserved 1048576K
}
Event: 14.822 GC heap after
{Heap after GC invocations=22 (full 0):
 garbage-first heap   total 87040K, used 52160K [0x0000000080000000, 0x0000000100000000)
  region size 1024K, 3 young (3072K), 3 survivors (3072K)
 Metaspace       used 51391K, committed 52672K, reserved 1114112K
  class space    used 6913K, committed 7552K, reserved 1048576K
}
Event: 15.475 GC heap before
{Heap before GC invocations=22 (full 0):
 garbage-first heap   total 87040K, used 73664K [0x0000000080000000, 0x0000000100000000)
  region size 1024K, 25 young (25600K), 3 survivors (3072K)
 Metaspace       used 53767K, committed 54976K, reserved 1114112K
  class space    used 7335K, committed 7936K, reserved 1048576K
}
Event: 15.482 GC heap after
{Heap after GC invocations=23 (full 0):
 garbage-first heap   total 87040K, used 53312K [0x0000000080000000, 0x0000000100000000)
  region size 1024K, 2 young (2048K), 2 survivors (2048K)
 Metaspace       used 53767K, committed 54976K, reserved 1114112K
  class space    used 7335K, committed 7936K, reserved 1048576K
}
Event: 15.864 GC heap before
{Heap before GC invocations=23 (full 0):
 garbage-first heap   total 87040K, used 75840K [0x0000000080000000, 0x0000000100000000)
  region size 1024K, 24 young (24576K), 2 survivors (2048K)
 Metaspace       used 54778K, committed 56000K, reserved 1114112K
  class space    used 7451K, committed 8064K, reserved 1048576K
}
Event: 15.869 GC heap after
{Heap after GC invocations=24 (full 0):
 garbage-first heap   total 87040K, used 53996K [0x0000000080000000, 0x0000000100000000)
  region size 1024K, 3 young (3072K), 3 survivors (3072K)
 Metaspace       used 54778K, committed 56000K, reserved 1114112K
  class space    used 7451K, committed 8064K, reserved 1048576K
}
Event: 16.903 GC heap before
{Heap before GC invocations=25 (full 0):
 garbage-first heap   total 97280K, used 76524K [0x0000000080000000, 0x0000000100000000)
  region size 1024K, 25 young (25600K), 3 survivors (3072K)
 Metaspace       used 58109K, committed 59520K, reserved 1114112K
  class space    used 7897K, committed 8640K, reserved 1048576K
}
Event: 16.910 GC heap after
{Heap after GC invocations=26 (full 0):
 garbage-first heap   total 97280K, used 56046K [0x0000000080000000, 0x0000000100000000)
  region size 1024K, 3 young (3072K), 3 survivors (3072K)
 Metaspace       used 58109K, committed 59520K, reserved 1114112K
  class space    used 7897K, committed 8640K, reserved 1048576K
}
Event: 17.725 GC heap before
{Heap before GC invocations=26 (full 0):
 garbage-first heap   total 97280K, used 85742K [0x0000000080000000, 0x0000000100000000)
  region size 1024K, 32 young (32768K), 3 survivors (3072K)
 Metaspace       used 61514K, committed 62976K, reserved 1114112K
  class space    used 8486K, committed 9216K, reserved 1048576K
}
Event: 17.734 GC heap after
{Heap after GC invocations=27 (full 0):
 garbage-first heap   total 97280K, used 57090K [0x0000000080000000, 0x0000000100000000)
  region size 1024K, 4 young (4096K), 4 survivors (4096K)
 Metaspace       used 61514K, committed 62976K, reserved 1114112K
  class space    used 8486K, committed 9216K, reserved 1048576K
}
Event: 17.892 GC heap before
{Heap before GC invocations=27 (full 0):
 garbage-first heap   total 97280K, used 59138K [0x0000000080000000, 0x0000000100000000)
  region size 1024K, 8 young (8192K), 4 survivors (4096K)
 Metaspace       used 61658K, committed 63104K, reserved 1114112K
  class space    used 8502K, committed 9216K, reserved 1048576K
}

