# JRE version: OpenJDK Runtime Environment (21.0.3) (build 21.0.3+-12282718-b509.11)
# Java VM: OpenJDK 64-Bit Server VM (21.0.3+-12282718-b509.11, mixed mode, tiered, compressed oops, compressed class ptrs, g1 gc, windows-amd64)
GC Precious Log:
 CardTable entry size: 512
 Card Set container configuration: InlinePtr #cards 5 size 8 Array Of Cards #cards 12 size 40 Howl #buckets 4 coarsen threshold 1843 Howl Bitmap #cards 512 size 80 coarsen threshold 460 Card regions per heap region 1 cards per card region 2048
 CPUs: 4 total, 4 available
 Memory: 3503M
 Large Page Support: Disabled
 NUMA Support: Disabled
 Compressed Oops: Enabled (32-bit)
 Heap Region Size: 1M
 Heap Min Capacity: 8M
 Heap Initial Capacity: 56M
 Heap Max Capacity: 2G
 Pre-touch: Disabled
 Parallel Workers: 4
 Concurrent Workers: 1
 Concurrent Refinement Workers: 4
 Periodic GC: Disabled
Heap:
 garbage-first heap   total 519168K, used 315110K [0x0000000080000000, 0x0000000100000000)
  region size 1024K, 28 young (28672K), 14 survivors (14336K)
 Metaspace       used 238481K, committed 241536K, reserved 1310720K
  class space    used 29809K, committed 31360K, reserved 1048576K
GC Heap History (20 events):
Event: 106.556 GC heap before
{Heap before GC invocations=61 (full 0):
 garbage-first heap   total 424960K, used 355765K [0x0000000080000000, 0x0000000100000000)
  region size 1024K, 121 young (123904K), 9 survivors (9216K)
 Metaspace       used 191958K, committed 194688K, reserved 1245184K
  class space    used 24541K, committed 25920K, reserved 1048576K
}
Event: 106.576 GC heap after
{Heap after GC invocations=62 (full 0):
 garbage-first heap   total 424960K, used 246632K [0x0000000080000000, 0x0000000100000000)
  region size 1024K, 14 young (14336K), 14 survivors (14336K)
 Metaspace       used 191958K, committed 194688K, reserved 1245184K
  class space    used 24541K, committed 25920K, reserved 1048576K
}
Event: 109.347 GC heap before
{Heap before GC invocations=62 (full 0):
 garbage-first heap   total 424960K, used 381800K [0x0000000080000000, 0x0000000100000000)
  region size 1024K, 146 young (149504K), 14 survivors (14336K)
 Metaspace       used 191958K, committed 194688K, reserved 1245184K
  class space    used 24541K, committed 25920K, reserved 1048576K
}
Event: 109.467 GC heap after
{Heap after GC invocations=63 (full 0):
 garbage-first heap   total 424960K, used 239451K [0x0000000080000000, 0x0000000100000000)
  region size 1024K, 15 young (15360K), 15 survivors (15360K)
 Metaspace       used 191958K, committed 194688K, reserved 1245184K
  class space    used 24541K, committed 25920K, reserved 1048576K
}
Event: 118.985 GC heap before
{Heap before GC invocations=63 (full 0):
 garbage-first heap   total 424960K, used 340827K [0x0000000080000000, 0x0000000100000000)
  region size 1024K, 116 young (118784K), 15 survivors (15360K)
 Metaspace       used 192658K, committed 195456K, reserved 1245184K
  class space    used 24606K, committed 25984K, reserved 1048576K
}
Event: 119.019 GC heap after
{Heap after GC invocations=64 (full 0):
 garbage-first heap   total 424960K, used 245140K [0x0000000080000000, 0x0000000100000000)
  region size 1024K, 15 young (15360K), 15 survivors (15360K)
 Metaspace       used 192658K, committed 195456K, reserved 1245184K
  class space    used 24606K, committed 25984K, reserved 1048576K
}
Event: 132.077 GC heap before
{Heap before GC invocations=65 (full 0):
 garbage-first heap   total 444416K, used 384404K [0x0000000080000000, 0x0000000100000000)
  region size 1024K, 150 young (153600K), 15 survivors (15360K)
 Metaspace       used 210807K, committed 213568K, reserved 1245184K
  class space    used 26900K, committed 28288K, reserved 1048576K
}
Event: 132.364 GC heap after
{Heap after GC invocations=66 (full 0):
 garbage-first heap   total 444416K, used 253440K [0x0000000080000000, 0x0000000100000000)
  region size 1024K, 16 young (16384K), 16 survivors (16384K)
 Metaspace       used 210807K, committed 213568K, reserved 1245184K
  class space    used 26900K, committed 28288K, reserved 1048576K
}
Event: 148.970 GC heap before
{Heap before GC invocations=66 (full 0):
 garbage-first heap   total 444416K, used 400896K [0x0000000080000000, 0x0000000100000000)
  region size 1024K, 161 young (164864K), 16 survivors (16384K)
 Metaspace       used 212593K, committed 215424K, reserved 1245184K
  class space    used 27017K, committed 28416K, reserved 1048576K
}
Event: 149.095 GC heap after
{Heap after GC invocations=67 (full 0):
 garbage-first heap   total 444416K, used 253440K [0x0000000080000000, 0x0000000100000000)
  region size 1024K, 16 young (16384K), 16 survivors (16384K)
 Metaspace       used 212593K, committed 215424K, reserved 1245184K
  class space    used 27017K, committed 28416K, reserved 1048576K
}
Event: 165.004 GC heap before
{Heap before GC invocations=67 (full 0):
 garbage-first heap   total 444416K, used 402944K [0x0000000080000000, 0x0000000100000000)
  region size 1024K, 163 young (166912K), 16 survivors (16384K)
 Metaspace       used 220057K, committed 223040K, reserved 1245184K
  class space    used 27855K, committed 29376K, reserved 1048576K
}
Event: 165.121 GC heap after
{Heap after GC invocations=68 (full 0):
 garbage-first heap   total 444416K, used 263680K [0x0000000080000000, 0x0000000100000000)
  region size 1024K, 18 young (18432K), 18 survivors (18432K)
 Metaspace       used 220057K, committed 223040K, reserved 1245184K
  class space    used 27855K, committed 29376K, reserved 1048576K
}
Event: 635.723 GC heap before
{Heap before GC invocations=69 (full 0):
 garbage-first heap   total 517120K, used 397824K [0x0000000080000000, 0x0000000100000000)
  region size 1024K, 150 young (153600K), 18 survivors (18432K)
 Metaspace       used 225642K, committed 228608K, reserved 1310720K
  class space    used 28430K, committed 29952K, reserved 1048576K
}
Event: 636.533 GC heap after
{Heap after GC invocations=70 (full 0):
 garbage-first heap   total 517120K, used 266752K [0x0000000080000000, 0x0000000100000000)
  region size 1024K, 4 young (4096K), 4 survivors (4096K)
 Metaspace       used 225642K, committed 228608K, reserved 1310720K
  class space    used 28430K, committed 29952K, reserved 1048576K
}
Event: 645.736 GC heap before
{Heap before GC invocations=70 (full 0):
 garbage-first heap   total 517120K, used 496128K [0x0000000080000000, 0x0000000100000000)
  region size 1024K, 215 young (220160K), 4 survivors (4096K)
 Metaspace       used 233904K, committed 236992K, reserved 1310720K
  class space    used 29268K, committed 30848K, reserved 1048576K
}
Event: 645.982 GC heap after
{Heap after GC invocations=71 (full 0):
 garbage-first heap   total 519168K, used 288256K [0x0000000080000000, 0x0000000100000000)
  region size 1024K, 15 young (15360K), 15 survivors (15360K)
 Metaspace       used 233904K, committed 236992K, reserved 1310720K
  class space    used 29268K, committed 30848K, reserved 1048576K
}
Event: 650.775 GC heap before
{Heap before GC invocations=71 (full 0):
 garbage-first heap   total 519168K, used 348672K [0x0000000080000000, 0x0000000100000000)
  region size 1024K, 74 young (75776K), 15 survivors (15360K)
 Metaspace       used 235682K, committed 238784K, reserved 1310720K
  class space    used 29465K, committed 31040K, reserved 1048576K
}
Event: 650.866 GC heap after
{Heap after GC invocations=72 (full 0):
 garbage-first heap   total 519168K, used 296158K [0x0000000080000000, 0x0000000100000000)
  region size 1024K, 9 young (9216K), 9 survivors (9216K)
 Metaspace       used 235682K, committed 238784K, reserved 1310720K
  class space    used 29465K, committed 31040K, reserved 1048576K
}
Event: 828.920 GC heap before
{Heap before GC invocations=73 (full 0):
 garbage-first heap   total 519168K, used 402654K [0x0000000080000000, 0x0000000100000000)
  region size 1024K, 114 young (116736K), 9 survivors (9216K)
 Metaspace       used 238046K, committed 241152K, reserved 1310720K
  class space    used 29749K, committed 31296K, reserved 1048576K
}
Event: 829.389 GC heap after
{Heap after GC invocations=74 (full 0):
 garbage-first heap   total 519168K, used 301798K [0x0000000080000000, 0x0000000100000000)
  region size 1024K, 14 young (14336K), 14 survivors (14336K)
 Metaspace       used 238046K, committed 241152K, reserved 1310720K
  class space    used 29749K, committed 31296K, reserved 1048576K
}

