# JRE version: OpenJDK Runtime Environment (21.0.3) (build 21.0.3+-12282718-b509.11)
# Java VM: OpenJDK 64-Bit Server VM (21.0.3+-12282718-b509.11, mixed mode, tiered, compressed oops, compressed class ptrs, g1 gc, windows-amd64)
GC Precious Log:
 CardTable entry size: 512
 Card Set container configuration: InlinePtr #cards 5 size 8 Array Of Cards #cards 12 size 40 Howl #buckets 4 coarsen threshold 1843 Howl Bitmap #cards 512 size 80 coarsen threshold 460 Card regions per heap region 1 cards per card region 2048
 CPUs: 4 total, 4 available
 Memory: 3503M
 Large Page Support: Disabled
 NUMA Support: Disabled
 Compressed Oops: Enabled (32-bit)
 Heap Region Size: 1M
 Heap Min Capacity: 8M
 Heap Initial Capacity: 56M
 Heap Max Capacity: 2G
 Pre-touch: Disabled
 Parallel Workers: 4
 Concurrent Workers: 1
 Concurrent Refinement Workers: 4
 Periodic GC: Disabled
Heap:
 garbage-first heap   total 106496K, used 63610K [0x0000000080000000, 0x0000000100000000)
  region size 1024K, 4 young (4096K), 4 survivors (4096K)
 Metaspace       used 62022K, committed 63552K, reserved 1114112K
  class space    used 8547K, committed 9280K, reserved 1048576K
GC Heap History (20 events):
Event: 22.307 GC heap after
{Heap after GC invocations=18 (full 0):
 garbage-first heap   total 76800K, used 45089K [0x0000000080000000, 0x0000000100000000)
  region size 1024K, 3 young (3072K), 3 survivors (3072K)
 Metaspace       used 42320K, committed 43584K, reserved 1114112K
  class space    used 5972K, committed 6592K, reserved 1048576K
}
Event: 23.897 GC heap before
{Heap before GC invocations=18 (full 0):
 garbage-first heap   total 76800K, used 65569K [0x0000000080000000, 0x0000000100000000)
  region size 1024K, 23 young (23552K), 3 survivors (3072K)
 Metaspace       used 47354K, committed 48640K, reserved 1114112K
  class space    used 6516K, committed 7168K, reserved 1048576K
}
Event: 23.911 GC heap after
{Heap after GC invocations=19 (full 0):
 garbage-first heap   total 76800K, used 47227K [0x0000000080000000, 0x0000000100000000)
  region size 1024K, 3 young (3072K), 3 survivors (3072K)
 Metaspace       used 47354K, committed 48640K, reserved 1114112K
  class space    used 6516K, committed 7168K, reserved 1048576K
}
Event: 24.324 GC heap before
{Heap before GC invocations=19 (full 0):
 garbage-first heap   total 76800K, used 65659K [0x0000000080000000, 0x0000000100000000)
  region size 1024K, 22 young (22528K), 3 survivors (3072K)
 Metaspace       used 48910K, committed 50176K, reserved 1114112K
  class space    used 6673K, committed 7296K, reserved 1048576K
}
Event: 24.333 GC heap after
{Heap after GC invocations=20 (full 0):
 garbage-first heap   total 76800K, used 50150K [0x0000000080000000, 0x0000000100000000)
  region size 1024K, 3 young (3072K), 3 survivors (3072K)
 Metaspace       used 48910K, committed 50176K, reserved 1114112K
  class space    used 6673K, committed 7296K, reserved 1048576K
}
Event: 24.756 GC heap before
{Heap before GC invocations=21 (full 0):
 garbage-first heap   total 97280K, used 71654K [0x0000000080000000, 0x0000000100000000)
  region size 1024K, 19 young (19456K), 3 survivors (3072K)
 Metaspace       used 50211K, committed 51520K, reserved 1114112K
  class space    used 6752K, committed 7424K, reserved 1048576K
}
Event: 24.763 GC heap after
{Heap after GC invocations=22 (full 0):
 garbage-first heap   total 97280K, used 50637K [0x0000000080000000, 0x0000000100000000)
  region size 1024K, 2 young (2048K), 2 survivors (2048K)
 Metaspace       used 50211K, committed 51520K, reserved 1114112K
  class space    used 6752K, committed 7424K, reserved 1048576K
}
Event: 25.784 GC heap before
{Heap before GC invocations=22 (full 0):
 garbage-first heap   total 97280K, used 81357K [0x0000000080000000, 0x0000000100000000)
  region size 1024K, 33 young (33792K), 2 survivors (2048K)
 Metaspace       used 54053K, committed 55488K, reserved 1114112K
  class space    used 7380K, committed 8128K, reserved 1048576K
}
Event: 25.796 GC heap after
{Heap after GC invocations=23 (full 0):
 garbage-first heap   total 97280K, used 52503K [0x0000000080000000, 0x0000000100000000)
  region size 1024K, 4 young (4096K), 4 survivors (4096K)
 Metaspace       used 54053K, committed 55488K, reserved 1114112K
  class space    used 7380K, committed 8128K, reserved 1048576K
}
Event: 26.435 GC heap before
{Heap before GC invocations=23 (full 0):
 garbage-first heap   total 97280K, used 69911K [0x0000000080000000, 0x0000000100000000)
  region size 1024K, 22 young (22528K), 4 survivors (4096K)
 Metaspace       used 56143K, committed 57600K, reserved 1114112K
  class space    used 7745K, committed 8448K, reserved 1048576K
}
Event: 26.447 GC heap after
{Heap after GC invocations=24 (full 0):
 garbage-first heap   total 97280K, used 54768K [0x0000000080000000, 0x0000000100000000)
  region size 1024K, 5 young (5120K), 5 survivors (5120K)
 Metaspace       used 56143K, committed 57600K, reserved 1114112K
  class space    used 7745K, committed 8448K, reserved 1048576K
}
Event: 27.179 GC heap before
{Heap before GC invocations=25 (full 0):
 garbage-first heap   total 104448K, used 85488K [0x0000000080000000, 0x0000000100000000)
  region size 1024K, 34 young (34816K), 5 survivors (5120K)
 Metaspace       used 58822K, committed 60288K, reserved 1114112K
  class space    used 8191K, committed 8896K, reserved 1048576K
}
Event: 27.190 GC heap after
{Heap after GC invocations=26 (full 0):
 garbage-first heap   total 104448K, used 58519K [0x0000000080000000, 0x0000000100000000)
  region size 1024K, 4 young (4096K), 4 survivors (4096K)
 Metaspace       used 58822K, committed 60288K, reserved 1114112K
  class space    used 8191K, committed 8896K, reserved 1048576K
}
Event: 28.322 GC heap before
{Heap before GC invocations=26 (full 0):
 garbage-first heap   total 104448K, used 92311K [0x0000000080000000, 0x0000000100000000)
  region size 1024K, 37 young (37888K), 4 survivors (4096K)
 Metaspace       used 61884K, committed 63424K, reserved 1114112K
  class space    used 8546K, committed 9280K, reserved 1048576K
}
Event: 28.331 GC heap after
{Heap after GC invocations=27 (full 0):
 garbage-first heap   total 104448K, used 60168K [0x0000000080000000, 0x0000000100000000)
  region size 1024K, 5 young (5120K), 5 survivors (5120K)
 Metaspace       used 61884K, committed 63424K, reserved 1114112K
  class space    used 8546K, committed 9280K, reserved 1048576K
}
Event: 28.820 GC heap before
{Heap before GC invocations=27 (full 0):
 garbage-first heap   total 104448K, used 91912K [0x0000000080000000, 0x0000000100000000)
  region size 1024K, 36 young (36864K), 5 survivors (5120K)
 Metaspace       used 61935K, committed 63424K, reserved 1114112K
  class space    used 8546K, committed 9280K, reserved 1048576K
}
Event: 28.834 GC heap after
{Heap after GC invocations=28 (full 0):
 garbage-first heap   total 104448K, used 62039K [0x0000000080000000, 0x0000000100000000)
  region size 1024K, 4 young (4096K), 4 survivors (4096K)
 Metaspace       used 61935K, committed 63424K, reserved 1114112K
  class space    used 8546K, committed 9280K, reserved 1048576K
}
Event: 29.379 GC heap before
{Heap before GC invocations=29 (full 0):
 garbage-first heap   total 106496K, used 93783K [0x0000000080000000, 0x0000000100000000)
  region size 1024K, 35 young (35840K), 4 survivors (4096K)
 Metaspace       used 61946K, committed 63488K, reserved 1114112K
  class space    used 8546K, committed 9280K, reserved 1048576K
}
Event: 29.387 GC heap after
{Heap after GC invocations=30 (full 0):
 garbage-first heap   total 106496K, used 62876K [0x0000000080000000, 0x0000000100000000)
  region size 1024K, 3 young (3072K), 3 survivors (3072K)
 Metaspace       used 61946K, committed 63488K, reserved 1114112K
  class space    used 8546K, committed 9280K, reserved 1048576K
}
Event: 30.878 GC heap before
{Heap before GC invocations=30 (full 0):
 garbage-first heap   total 106496K, used 96668K [0x0000000080000000, 0x0000000100000000)
  region size 1024K, 36 young (36864K), 3 survivors (3072K)
 Metaspace       used 62022K, committed 63552K, reserved 1114112K
  class space    used 8547K, committed 9280K, reserved 1048576K
}

