# JRE version: OpenJDK Runtime Environment (21.0.3) (build 21.0.3+-12282718-b509.11)
# Java VM: OpenJDK 64-Bit Server VM (21.0.3+-12282718-b509.11, mixed mode, tiered, compressed oops, compressed class ptrs, g1 gc, windows-amd64)
GC Precious Log:
 CardTable entry size: 512
 Card Set container configuration: InlinePtr #cards 5 size 8 Array Of Cards #cards 12 size 40 Howl #buckets 4 coarsen threshold 1843 Howl Bitmap #cards 512 size 80 coarsen threshold 460 Card regions per heap region 1 cards per card region 2048
 CPUs: 4 total, 4 available
 Memory: 3503M
 Large Page Support: Disabled
 NUMA Support: Disabled
 Compressed Oops: Enabled (32-bit)
 Heap Region Size: 1M
 Heap Min Capacity: 8M
 Heap Initial Capacity: 56M
 Heap Max Capacity: 2G
 Pre-touch: Disabled
 Parallel Workers: 4
 Concurrent Workers: 1
 Concurrent Refinement Workers: 4
 Periodic GC: Disabled
Heap:
 garbage-first heap   total 63488K, used 40674K [0x0000000080000000, 0x0000000100000000)
  region size 1024K, 5 young (5120K), 2 survivors (2048K)
 Metaspace       used 34746K, committed 35584K, reserved 1114112K
  class space    used 4715K, committed 5120K, reserved 1048576K
GC Heap History (20 events):
Event: 4.280 GC heap before
{Heap before GC invocations=1 (full 0):
 garbage-first heap   total 57344K, used 29056K [0x0000000080000000, 0x0000000100000000)
  region size 1024K, 26 young (26624K), 2 survivors (2048K)
 Metaspace       used 11974K, committed 12224K, reserved 1114112K
  class space    used 1277K, committed 1408K, reserved 1048576K
}
Event: 4.292 GC heap after
{Heap after GC invocations=2 (full 0):
 garbage-first heap   total 57344K, used 11715K [0x0000000080000000, 0x0000000100000000)
  region size 1024K, 4 young (4096K), 4 survivors (4096K)
 Metaspace       used 11974K, committed 12224K, reserved 1114112K
  class space    used 1277K, committed 1408K, reserved 1048576K
}
Event: 5.331 GC heap before
{Heap before GC invocations=2 (full 0):
 garbage-first heap   total 57344K, used 37315K [0x0000000080000000, 0x0000000100000000)
  region size 1024K, 29 young (29696K), 4 survivors (4096K)
 Metaspace       used 12051K, committed 12288K, reserved 1114112K
  class space    used 1278K, committed 1408K, reserved 1048576K
}
Event: 5.341 GC heap after
{Heap after GC invocations=3 (full 0):
 garbage-first heap   total 57344K, used 12476K [0x0000000080000000, 0x0000000100000000)
  region size 1024K, 1 young (1024K), 1 survivors (1024K)
 Metaspace       used 12051K, committed 12288K, reserved 1114112K
  class space    used 1278K, committed 1408K, reserved 1048576K
}
Event: 6.683 GC heap before
{Heap before GC invocations=3 (full 0):
 garbage-first heap   total 57344K, used 41148K [0x0000000080000000, 0x0000000100000000)
  region size 1024K, 28 young (28672K), 1 survivors (1024K)
 Metaspace       used 12619K, committed 12864K, reserved 1114112K
  class space    used 1377K, committed 1536K, reserved 1048576K
}
Event: 6.690 GC heap after
{Heap after GC invocations=4 (full 0):
 garbage-first heap   total 57344K, used 17584K [0x0000000080000000, 0x0000000100000000)
  region size 1024K, 4 young (4096K), 4 survivors (4096K)
 Metaspace       used 12619K, committed 12864K, reserved 1114112K
  class space    used 1377K, committed 1536K, reserved 1048576K
}
Event: 12.459 GC heap before
{Heap before GC invocations=4 (full 0):
 garbage-first heap   total 57344K, used 42160K [0x0000000080000000, 0x0000000100000000)
  region size 1024K, 28 young (28672K), 4 survivors (4096K)
 Metaspace       used 21000K, committed 21312K, reserved 1114112K
  class space    used 2458K, committed 2560K, reserved 1048576K
}
Event: 12.468 GC heap after
{Heap after GC invocations=5 (full 0):
 garbage-first heap   total 57344K, used 20953K [0x0000000080000000, 0x0000000100000000)
  region size 1024K, 4 young (4096K), 4 survivors (4096K)
 Metaspace       used 21000K, committed 21312K, reserved 1114112K
  class space    used 2458K, committed 2560K, reserved 1048576K
}
Event: 12.505 GC heap before
{Heap before GC invocations=5 (full 0):
 garbage-first heap   total 57344K, used 20953K [0x0000000080000000, 0x0000000100000000)
  region size 1024K, 6 young (6144K), 4 survivors (4096K)
 Metaspace       used 21232K, committed 21504K, reserved 1114112K
  class space    used 2494K, committed 2624K, reserved 1048576K
}
Event: 12.511 GC heap after
{Heap after GC invocations=6 (full 0):
 garbage-first heap   total 57344K, used 21680K [0x0000000080000000, 0x0000000100000000)
  region size 1024K, 1 young (1024K), 1 survivors (1024K)
 Metaspace       used 21232K, committed 21504K, reserved 1114112K
  class space    used 2494K, committed 2624K, reserved 1048576K
}
Event: 15.011 GC heap before
{Heap before GC invocations=7 (full 0):
 garbage-first heap   total 57344K, used 44208K [0x0000000080000000, 0x0000000100000000)
  region size 1024K, 24 young (24576K), 1 survivors (1024K)
 Metaspace       used 25786K, committed 26240K, reserved 1114112K
  class space    used 3168K, committed 3392K, reserved 1048576K
}
Event: 15.015 GC heap after
{Heap after GC invocations=8 (full 0):
 garbage-first heap   total 57344K, used 22462K [0x0000000080000000, 0x0000000100000000)
  region size 1024K, 2 young (2048K), 2 survivors (2048K)
 Metaspace       used 25786K, committed 26240K, reserved 1114112K
  class space    used 3168K, committed 3392K, reserved 1048576K
}
Event: 16.904 GC heap before
{Heap before GC invocations=8 (full 0):
 garbage-first heap   total 57344K, used 47038K [0x0000000080000000, 0x0000000100000000)
  region size 1024K, 26 young (26624K), 2 survivors (2048K)
 Metaspace       used 29303K, committed 29888K, reserved 1114112K
  class space    used 3788K, committed 4032K, reserved 1048576K
}
Event: 16.909 GC heap after
{Heap after GC invocations=9 (full 0):
 garbage-first heap   total 57344K, used 23546K [0x0000000080000000, 0x0000000100000000)
  region size 1024K, 3 young (3072K), 3 survivors (3072K)
 Metaspace       used 29303K, committed 29888K, reserved 1114112K
  class space    used 3788K, committed 4032K, reserved 1048576K
}
Event: 17.671 GC heap before
{Heap before GC invocations=9 (full 0):
 garbage-first heap   total 57344K, used 48122K [0x0000000080000000, 0x0000000100000000)
  region size 1024K, 27 young (27648K), 3 survivors (3072K)
 Metaspace       used 32595K, committed 33280K, reserved 1114112K
  class space    used 4343K, committed 4672K, reserved 1048576K
}
Event: 17.679 GC heap after
{Heap after GC invocations=10 (full 0):
 garbage-first heap   total 57344K, used 25333K [0x0000000080000000, 0x0000000100000000)
  region size 1024K, 4 young (4096K), 4 survivors (4096K)
 Metaspace       used 32595K, committed 33280K, reserved 1114112K
  class space    used 4343K, committed 4672K, reserved 1048576K
}
Event: 24.654 GC heap before
{Heap before GC invocations=10 (full 0):
 garbage-first heap   total 57344K, used 36597K [0x0000000080000000, 0x0000000100000000)
  region size 1024K, 16 young (16384K), 4 survivors (4096K)
 Metaspace       used 34509K, committed 35328K, reserved 1114112K
  class space    used 4678K, committed 5120K, reserved 1048576K
}
Event: 24.661 GC heap after
{Heap after GC invocations=11 (full 0):
 garbage-first heap   total 57344K, used 26624K [0x0000000080000000, 0x0000000100000000)
  region size 1024K, 3 young (3072K), 3 survivors (3072K)
 Metaspace       used 34509K, committed 35328K, reserved 1114112K
  class space    used 4678K, committed 5120K, reserved 1048576K
}
Event: 24.751 GC heap before
{Heap before GC invocations=11 (full 0):
 garbage-first heap   total 57344K, used 33792K [0x0000000080000000, 0x0000000100000000)
  region size 1024K, 5 young (5120K), 3 survivors (3072K)
 Metaspace       used 34544K, committed 35456K, reserved 1114112K
  class space    used 4685K, committed 5120K, reserved 1048576K
}
Event: 24.757 GC heap after
{Heap after GC invocations=12 (full 0):
 garbage-first heap   total 57344K, used 33506K [0x0000000080000000, 0x0000000100000000)
  region size 1024K, 2 young (2048K), 2 survivors (2048K)
 Metaspace       used 34544K, committed 35456K, reserved 1114112K
  class space    used 4685K, committed 5120K, reserved 1048576K
}

